This is pdfTeX, Version 3.1415926-1.40.11 (TeX Live 2010) (format=pdflatex 2011.1.22)  30 JAN 2011 15:52
entering extended mode
 restricted \write18 enabled.
 file:line:error style messages enabled.
 %&-line parsing enabled.
**\nonstopmode \input /Users/kniepbert/Documents/Studium/WS10-11/MuMeTechShitSh
it/GdMMT_cheatsheet.tex

(/Users/kniepbert/Documents/Studium/WS10-11/MuMeTechShitShit/GdMMT_cheatsheet.t
ex (/usr/local/texlive/2010/texmf-dist/tex/latex/base/article.cls
Document Class: article 2007/10/19 v1.4h Standard LaTeX document class
(/usr/local/texlive/2010/texmf-dist/tex/latex/base/size10.clo
File: size10.clo 2007/10/19 v1.4h Standard LaTeX file (size option)
)
\c@part=\count79
\c@section=\count80
\c@subsection=\count81
\c@subsubsection=\count82
\c@paragraph=\count83
\c@subparagraph=\count84
\c@figure=\count85
\c@table=\count86
\abovecaptionskip=\skip41
\belowcaptionskip=\skip42
\bibindent=\dimen102
)
(/usr/local/texlive/2010/texmf-dist/tex/latex/tools/multicol.sty
Package: multicol 2008/12/05 v1.6h multicolumn formatting (FMi)
\c@tracingmulticols=\count87
\mult@box=\box26
\multicol@leftmargin=\dimen103
\c@unbalance=\count88
\c@collectmore=\count89
\doublecol@number=\count90
\multicoltolerance=\count91
\multicolpretolerance=\count92
\full@width=\dimen104
\page@free=\dimen105
\premulticols=\dimen106
\postmulticols=\dimen107
\multicolsep=\skip43
\multicolbaselineskip=\skip44
\partial@page=\box27
\last@line=\box28
\mult@rightbox=\box29
\mult@grightbox=\box30
\mult@gfirstbox=\box31
\mult@firstbox=\box32
\@tempa=\box33
\@tempa=\box34
\@tempa=\box35
\@tempa=\box36
\@tempa=\box37
\@tempa=\box38
\@tempa=\box39
\@tempa=\box40
\@tempa=\box41
\@tempa=\box42
\@tempa=\box43
\@tempa=\box44
\@tempa=\box45
\@tempa=\box46
\@tempa=\box47
\@tempa=\box48
\@tempa=\box49
\c@columnbadness=\count93
\c@finalcolumnbadness=\count94
\last@try=\dimen108
\multicolovershoot=\dimen109
\multicolundershoot=\dimen110
\mult@nat@firstbox=\box50
\colbreak@box=\box51
)
(/usr/local/texlive/2010/texmf-dist/tex/latex/tools/calc.sty
Package: calc 2007/08/22 v4.3 Infix arithmetic (KKT,FJ)
\calc@Acount=\count95
\calc@Bcount=\count96
\calc@Adimen=\dimen111
\calc@Bdimen=\dimen112
\calc@Askip=\skip45
\calc@Bskip=\skip46
LaTeX Info: Redefining \setlength on input line 76.
LaTeX Info: Redefining \addtolength on input line 77.
\calc@Ccount=\count97
\calc@Cskip=\skip47
)
(/usr/local/texlive/2010/texmf-dist/tex/latex/base/ifthen.sty
Package: ifthen 2001/05/26 v1.1c Standard LaTeX ifthen package (DPC)
)
(/usr/local/texlive/2010/texmf-dist/tex/latex/geometry/geometry.sty
Package: geometry 2010/07/13 v5.5 Page Geometry

(/usr/local/texlive/2010/texmf-dist/tex/latex/graphics/keyval.sty
Package: keyval 1999/03/16 v1.13 key=value parser (DPC)
\KV@toks@=\toks14
)
(/usr/local/texlive/2010/texmf-dist/tex/generic/oberdiek/ifpdf.sty
Package: ifpdf 2010/01/28 v2.1 Provides the ifpdf switch (HO)
Package ifpdf Info: pdfTeX in pdf mode detected.
)
(/usr/local/texlive/2010/texmf-dist/tex/generic/oberdiek/ifvtex.sty
Package: ifvtex 2010/03/01 v1.5 Switches for detecting VTeX and its modes (HO)
Package ifvtex Info: VTeX not detected.
)
\Gm@cnth=\count98
\Gm@cntv=\count99
\c@Gm@tempcnt=\count100
\Gm@bindingoffset=\dimen113
\Gm@wd@mp=\dimen114
\Gm@odd@mp=\dimen115
\Gm@even@mp=\dimen116
\Gm@layoutwidth=\dimen117
\Gm@layoutheight=\dimen118
\Gm@layouthoffset=\dimen119
\Gm@layoutvoffset=\dimen120
\Gm@dimlist=\toks15
)
(/usr/local/texlive/2010/texmf-dist/tex/generic/babel/babel.sty
Package: babel 2008/07/06 v3.8l The Babel package

(/usr/local/texlive/2010/texmf-dist/tex/generic/babel/ngermanb.ldf
Language: ngermanb 2008/07/06 v2.6n new German support from the babel system

(/usr/local/texlive/2010/texmf-dist/tex/generic/babel/babel.def
File: babel.def 2008/07/06 v3.8l Babel common definitions
\babel@savecnt=\count101
\U@D=\dimen121
)
\l@naustrian = a dialect from \language\l@ngerman 
Package babel Info: Making " an active character on input line 92.
))
(/usr/local/texlive/2010/texmf-dist/tex/latex/base/inputenc.sty
Package: inputenc 2008/03/30 v1.1d Input encoding file
\inpenc@prehook=\toks16
\inpenc@posthook=\toks17

(/usr/local/texlive/2010/texmf-dist/tex/latex/base/utf8.def
File: utf8.def 2008/04/05 v1.1m UTF-8 support for inputenc
Now handling font encoding OML ...
... no UTF-8 mapping file for font encoding OML
Now handling font encoding T1 ...
... processing UTF-8 mapping file for font encoding T1

(/usr/local/texlive/2010/texmf-dist/tex/latex/base/t1enc.dfu
File: t1enc.dfu 2008/04/05 v1.1m UTF-8 support for inputenc
   defining Unicode char U+00A1 (decimal 161)
   defining Unicode char U+00A3 (decimal 163)
   defining Unicode char U+00AB (decimal 171)
   defining Unicode char U+00BB (decimal 187)
   defining Unicode char U+00BF (decimal 191)
   defining Unicode char U+00C0 (decimal 192)
   defining Unicode char U+00C1 (decimal 193)
   defining Unicode char U+00C2 (decimal 194)
   defining Unicode char U+00C3 (decimal 195)
   defining Unicode char U+00C4 (decimal 196)
   defining Unicode char U+00C5 (decimal 197)
   defining Unicode char U+00C6 (decimal 198)
   defining Unicode char U+00C7 (decimal 199)
   defining Unicode char U+00C8 (decimal 200)
   defining Unicode char U+00C9 (decimal 201)
   defining Unicode char U+00CA (decimal 202)
   defining Unicode char U+00CB (decimal 203)
   defining Unicode char U+00CC (decimal 204)
   defining Unicode char U+00CD (decimal 205)
   defining Unicode char U+00CE (decimal 206)
   defining Unicode char U+00CF (decimal 207)
   defining Unicode char U+00D0 (decimal 208)
   defining Unicode char U+00D1 (decimal 209)
   defining Unicode char U+00D2 (decimal 210)
   defining Unicode char U+00D3 (decimal 211)
   defining Unicode char U+00D4 (decimal 212)
   defining Unicode char U+00D5 (decimal 213)
   defining Unicode char U+00D6 (decimal 214)
   defining Unicode char U+00D8 (decimal 216)
   defining Unicode char U+00D9 (decimal 217)
   defining Unicode char U+00DA (decimal 218)
   defining Unicode char U+00DB (decimal 219)
   defining Unicode char U+00DC (decimal 220)
   defining Unicode char U+00DD (decimal 221)
   defining Unicode char U+00DE (decimal 222)
   defining Unicode char U+00DF (decimal 223)
   defining Unicode char U+00E0 (decimal 224)
   defining Unicode char U+00E1 (decimal 225)
   defining Unicode char U+00E2 (decimal 226)
   defining Unicode char U+00E3 (decimal 227)
   defining Unicode char U+00E4 (decimal 228)
   defining Unicode char U+00E5 (decimal 229)
   defining Unicode char U+00E6 (decimal 230)
   defining Unicode char U+00E7 (decimal 231)
   defining Unicode char U+00E8 (decimal 232)
   defining Unicode char U+00E9 (decimal 233)
   defining Unicode char U+00EA (decimal 234)
   defining Unicode char U+00EB (decimal 235)
   defining Unicode char U+00EC (decimal 236)
   defining Unicode char U+00ED (decimal 237)
   defining Unicode char U+00EE (decimal 238)
   defining Unicode char U+00EF (decimal 239)
   defining Unicode char U+00F0 (decimal 240)
   defining Unicode char U+00F1 (decimal 241)
   defining Unicode char U+00F2 (decimal 242)
   defining Unicode char U+00F3 (decimal 243)
   defining Unicode char U+00F4 (decimal 244)
   defining Unicode char U+00F5 (decimal 245)
   defining Unicode char U+00F6 (decimal 246)
   defining Unicode char U+00F8 (decimal 248)
   defining Unicode char U+00F9 (decimal 249)
   defining Unicode char U+00FA (decimal 250)
   defining Unicode char U+00FB (decimal 251)
   defining Unicode char U+00FC (decimal 252)
   defining Unicode char U+00FD (decimal 253)
   defining Unicode char U+00FE (decimal 254)
   defining Unicode char U+00FF (decimal 255)
   defining Unicode char U+0102 (decimal 258)
   defining Unicode char U+0103 (decimal 259)
   defining Unicode char U+0104 (decimal 260)
   defining Unicode char U+0105 (decimal 261)
   defining Unicode char U+0106 (decimal 262)
   defining Unicode char U+0107 (decimal 263)
   defining Unicode char U+010C (decimal 268)
   defining Unicode char U+010D (decimal 269)
   defining Unicode char U+010E (decimal 270)
   defining Unicode char U+010F (decimal 271)
   defining Unicode char U+0110 (decimal 272)
   defining Unicode char U+0111 (decimal 273)
   defining Unicode char U+0118 (decimal 280)
   defining Unicode char U+0119 (decimal 281)
   defining Unicode char U+011A (decimal 282)
   defining Unicode char U+011B (decimal 283)
   defining Unicode char U+011E (decimal 286)
   defining Unicode char U+011F (decimal 287)
   defining Unicode char U+0130 (decimal 304)
   defining Unicode char U+0131 (decimal 305)
   defining Unicode char U+0132 (decimal 306)
   defining Unicode char U+0133 (decimal 307)
   defining Unicode char U+0139 (decimal 313)
   defining Unicode char U+013A (decimal 314)
   defining Unicode char U+013D (decimal 317)
   defining Unicode char U+013E (decimal 318)
   defining Unicode char U+0141 (decimal 321)
   defining Unicode char U+0142 (decimal 322)
   defining Unicode char U+0143 (decimal 323)
   defining Unicode char U+0144 (decimal 324)
   defining Unicode char U+0147 (decimal 327)
   defining Unicode char U+0148 (decimal 328)
   defining Unicode char U+014A (decimal 330)
   defining Unicode char U+014B (decimal 331)
   defining Unicode char U+0150 (decimal 336)
   defining Unicode char U+0151 (decimal 337)
   defining Unicode char U+0152 (decimal 338)
   defining Unicode char U+0153 (decimal 339)
   defining Unicode char U+0154 (decimal 340)
   defining Unicode char U+0155 (decimal 341)
   defining Unicode char U+0158 (decimal 344)
   defining Unicode char U+0159 (decimal 345)
   defining Unicode char U+015A (decimal 346)
   defining Unicode char U+015B (decimal 347)
   defining Unicode char U+015E (decimal 350)
   defining Unicode char U+015F (decimal 351)
   defining Unicode char U+0160 (decimal 352)
   defining Unicode char U+0161 (decimal 353)
   defining Unicode char U+0162 (decimal 354)
   defining Unicode char U+0163 (decimal 355)
   defining Unicode char U+0164 (decimal 356)
   defining Unicode char U+0165 (decimal 357)
   defining Unicode char U+016E (decimal 366)
   defining Unicode char U+016F (decimal 367)
   defining Unicode char U+0170 (decimal 368)
   defining Unicode char U+0171 (decimal 369)
   defining Unicode char U+0178 (decimal 376)
   defining Unicode char U+0179 (decimal 377)
   defining Unicode char U+017A (decimal 378)
   defining Unicode char U+017B (decimal 379)
   defining Unicode char U+017C (decimal 380)
   defining Unicode char U+017D (decimal 381)
   defining Unicode char U+017E (decimal 382)
   defining Unicode char U+200C (decimal 8204)
   defining Unicode char U+2013 (decimal 8211)
   defining Unicode char U+2014 (decimal 8212)
   defining Unicode char U+2018 (decimal 8216)
   defining Unicode char U+2019 (decimal 8217)
   defining Unicode char U+201A (decimal 8218)
   defining Unicode char U+201C (decimal 8220)
   defining Unicode char U+201D (decimal 8221)
   defining Unicode char U+201E (decimal 8222)
   defining Unicode char U+2030 (decimal 8240)
   defining Unicode char U+2031 (decimal 8241)
   defining Unicode char U+2039 (decimal 8249)
   defining Unicode char U+203A (decimal 8250)
   defining Unicode char U+2423 (decimal 9251)
)
Now handling font encoding OT1 ...
... processing UTF-8 mapping file for font encoding OT1

(/usr/local/texlive/2010/texmf-dist/tex/latex/base/ot1enc.dfu
File: ot1enc.dfu 2008/04/05 v1.1m UTF-8 support for inputenc
   defining Unicode char U+00A1 (decimal 161)
   defining Unicode char U+00A3 (decimal 163)
   defining Unicode char U+00B8 (decimal 184)
   defining Unicode char U+00BF (decimal 191)
   defining Unicode char U+00C5 (decimal 197)
   defining Unicode char U+00C6 (decimal 198)
   defining Unicode char U+00D8 (decimal 216)
   defining Unicode char U+00DF (decimal 223)
   defining Unicode char U+00E6 (decimal 230)
   defining Unicode char U+00EC (decimal 236)
   defining Unicode char U+00ED (decimal 237)
   defining Unicode char U+00EE (decimal 238)
   defining Unicode char U+00EF (decimal 239)
   defining Unicode char U+00F8 (decimal 248)
   defining Unicode char U+0131 (decimal 305)
   defining Unicode char U+0141 (decimal 321)
   defining Unicode char U+0142 (decimal 322)
   defining Unicode char U+0152 (decimal 338)
   defining Unicode char U+0153 (decimal 339)
   defining Unicode char U+2013 (decimal 8211)
   defining Unicode char U+2014 (decimal 8212)
   defining Unicode char U+2018 (decimal 8216)
   defining Unicode char U+2019 (decimal 8217)
   defining Unicode char U+201C (decimal 8220)
   defining Unicode char U+201D (decimal 8221)
)
Now handling font encoding OMS ...
... processing UTF-8 mapping file for font encoding OMS

(/usr/local/texlive/2010/texmf-dist/tex/latex/base/omsenc.dfu
File: omsenc.dfu 2008/04/05 v1.1m UTF-8 support for inputenc
   defining Unicode char U+00A7 (decimal 167)
   defining Unicode char U+00B6 (decimal 182)
   defining Unicode char U+00B7 (decimal 183)
   defining Unicode char U+2020 (decimal 8224)
   defining Unicode char U+2021 (decimal 8225)
   defining Unicode char U+2022 (decimal 8226)
)
Now handling font encoding OMX ...
... no UTF-8 mapping file for font encoding OMX
Now handling font encoding U ...
... no UTF-8 mapping file for font encoding U
   defining Unicode char U+00A9 (decimal 169)
   defining Unicode char U+00AA (decimal 170)
   defining Unicode char U+00AE (decimal 174)
   defining Unicode char U+00BA (decimal 186)
   defining Unicode char U+02C6 (decimal 710)
   defining Unicode char U+02DC (decimal 732)
   defining Unicode char U+200C (decimal 8204)
   defining Unicode char U+2026 (decimal 8230)
   defining Unicode char U+2122 (decimal 8482)
   defining Unicode char U+2423 (decimal 9251)
))
(/usr/local/texlive/2010/texmf-dist/tex/latex/graphics/graphics.sty
Package: graphics 2009/02/05 v1.0o Standard LaTeX Graphics (DPC,SPQR)

(/usr/local/texlive/2010/texmf-dist/tex/latex/graphics/trig.sty
Package: trig 1999/03/16 v1.09 sin cos tan (DPC)
)
(/usr/local/texlive/2010/texmf-dist/tex/latex/latexconfig/graphics.cfg
File: graphics.cfg 2010/04/23 v1.9 graphics configuration of TeX Live
)
Package graphics Info: Driver file: pdftex.def on input line 91.

(/usr/local/texlive/2010/texmf-dist/tex/latex/pdftex-def/pdftex.def
File: pdftex.def 2010/02/14 v0.04n Graphics/color for pdfTeX
\Gread@gobject=\count102
))
(/usr/local/texlive/2010/texmf-dist/tex/latex/listings/listings.sty
\lst@mode=\count103
\lst@gtempboxa=\box52
\lst@token=\toks18
\lst@length=\count104
\lst@currlwidth=\dimen122
\lst@column=\count105
\lst@pos=\count106
\lst@lostspace=\dimen123
\lst@width=\dimen124
\lst@newlines=\count107
\lst@lineno=\count108
\lst@maxwidth=\dimen125

(/usr/local/texlive/2010/texmf-dist/tex/latex/listings/lstmisc.sty
File: lstmisc.sty 2007/02/22 1.4 (Carsten Heinz)
\c@lstnumber=\count109
\lst@skipnumbers=\count110
\lst@framebox=\box53
)
(/usr/local/texlive/2010/texmf-dist/tex/latex/listings/listings.cfg
File: listings.cfg 2007/02/22 1.4 listings configuration
))
Package: listings 2007/02/22 1.4 (Carsten Heinz)

(/usr/local/texlive/2010/texmf-dist/tex/latex/tools/verbatim.sty
Package: verbatim 2003/08/22 v1.5q LaTeX2e package for verbatim enhancements
\every@verbatim=\toks19
\verbatim@line=\toks20
\verbatim@in@stream=\read1
)
(/usr/local/texlive/2010/texmf-dist/tex/latex/pgf/frontendlayer/tikz.sty
(/usr/local/texlive/2010/texmf-dist/tex/latex/pgf/basiclayer/pgf.sty
(/usr/local/texlive/2010/texmf-dist/tex/latex/pgf/utilities/pgfrcs.sty
(/usr/local/texlive/2010/texmf-dist/tex/generic/pgf/utilities/pgfutil-common.te
x
\pgfutil@everybye=\toks21
)
(/usr/local/texlive/2010/texmf-dist/tex/generic/pgf/utilities/pgfutil-latex.def
) (/usr/local/texlive/2010/texmf-dist/tex/generic/pgf/utilities/pgfrcs.code.tex
Package: pgfrcs 2008/02/20 v2.00 (rcs-revision 1.21)
))
Package: pgf 2008/01/15 v2.00 (rcs-revision 1.12)
 (/usr/local/texlive/2010/texmf-dist/tex/latex/pgf/basiclayer/pgfcore.sty
(/usr/local/texlive/2010/texmf-dist/tex/latex/graphics/graphicx.sty
Package: graphicx 1999/02/16 v1.0f Enhanced LaTeX Graphics (DPC,SPQR)
\Gin@req@height=\dimen126
\Gin@req@width=\dimen127
)
(/usr/local/texlive/2010/texmf-dist/tex/latex/pgf/systemlayer/pgfsys.sty
(/usr/local/texlive/2010/texmf-dist/tex/generic/pgf/systemlayer/pgfsys.code.tex
Package: pgfsys 2008/02/07 v2.00 (rcs-revision 1.31)
(/usr/local/texlive/2010/texmf-dist/tex/generic/pgf/utilities/pgfkeys.code.tex
\pgfkeys@pathtoks=\toks22
\pgfkeys@temptoks=\toks23
)
\pgf@x=\dimen128
\pgf@y=\dimen129
\pgf@xa=\dimen130
\pgf@ya=\dimen131
\pgf@xb=\dimen132
\pgf@yb=\dimen133
\pgf@xc=\dimen134
\pgf@yc=\dimen135
\c@pgf@counta=\count111
\c@pgf@countb=\count112
\c@pgf@countc=\count113
\c@pgf@countd=\count114
(/usr/local/texlive/2010/texmf-dist/tex/generic/pgf/systemlayer/pgf.cfg
File: pgf.cfg 2008/01/13  (rcs-revision 1.6)
)
Package pgfsys Info: Driver file for pgf: pgfsys-pdftex.def on input line 885.

(/usr/local/texlive/2010/texmf-dist/tex/generic/pgf/systemlayer/pgfsys-pdftex.d
ef
File: pgfsys-pdftex.def 2007/12/20  (rcs-revision 1.20)

(/usr/local/texlive/2010/texmf-dist/tex/generic/pgf/systemlayer/pgfsys-common-p
df.def
File: pgfsys-common-pdf.def 2007/12/17  (rcs-revision 1.8)
)))
(/usr/local/texlive/2010/texmf-dist/tex/generic/pgf/systemlayer/pgfsyssoftpath.
code.tex
File: pgfsyssoftpath.code.tex 2008/01/23  (rcs-revision 1.6)
\pgfsyssoftpath@smallbuffer@items=\count115
\pgfsyssoftpath@bigbuffer@items=\count116
)
(/usr/local/texlive/2010/texmf-dist/tex/generic/pgf/systemlayer/pgfsysprotocol.
code.tex
File: pgfsysprotocol.code.tex 2006/10/16  (rcs-revision 1.4)
)) (/usr/local/texlive/2010/texmf-dist/tex/latex/xcolor/xcolor.sty
Package: xcolor 2007/01/21 v2.11 LaTeX color extensions (UK)

(/usr/local/texlive/2010/texmf-dist/tex/latex/latexconfig/color.cfg
File: color.cfg 2007/01/18 v1.5 color configuration of teTeX/TeXLive
)
Package xcolor Info: Driver file: pdftex.def on input line 225.
Package xcolor Info: Model `cmy' substituted by `cmy0' on input line 1337.
Package xcolor Info: Model `hsb' substituted by `rgb' on input line 1341.
Package xcolor Info: Model `RGB' extended on input line 1353.
Package xcolor Info: Model `HTML' substituted by `rgb' on input line 1355.
Package xcolor Info: Model `Hsb' substituted by `hsb' on input line 1356.
Package xcolor Info: Model `tHsb' substituted by `hsb' on input line 1357.
Package xcolor Info: Model `HSB' substituted by `hsb' on input line 1358.
Package xcolor Info: Model `Gray' substituted by `gray' on input line 1359.
Package xcolor Info: Model `wave' substituted by `hsb' on input line 1360.
)
(/usr/local/texlive/2010/texmf-dist/tex/generic/pgf/basiclayer/pgfcore.code.tex
Package: pgfcore 2008/01/15 v2.00 (rcs-revision 1.6)
(/usr/local/texlive/2010/texmf-dist/tex/generic/pgf/math/pgfmath.code.tex
(/usr/local/texlive/2010/texmf-dist/tex/generic/pgf/math/pgfmathcalc.code.tex
(/usr/local/texlive/2010/texmf-dist/tex/generic/pgf/math/pgfmathutil.code.tex
\pgfmath@box=\box54
)
(/usr/local/texlive/2010/texmf-dist/tex/generic/pgf/math/pgfmathparser.code.tex
\pgfmath@stack=\toks24
\c@pgfmath@parsecounta=\count117
\c@pgfmath@parsecountb=\count118
\c@pgfmath@parsecountc=\count119
\pgfmath@parsex=\dimen136
)
(/usr/local/texlive/2010/texmf-dist/tex/generic/pgf/math/pgfmathoperations.code
.tex
(/usr/local/texlive/2010/texmf-dist/tex/generic/pgf/math/pgfmathtrig.code.tex)
(/usr/local/texlive/2010/texmf-dist/tex/generic/pgf/math/pgfmathrnd.code.tex))
(/usr/local/texlive/2010/texmf-dist/tex/generic/pgf/math/pgfmathbase.code.tex))
)
(/usr/local/texlive/2010/texmf-dist/tex/generic/pgf/basiclayer/pgfcorepoints.co
de.tex
File: pgfcorepoints.code.tex 2008/02/03  (rcs-revision 1.13)
\pgf@picminx=\dimen137
\pgf@picmaxx=\dimen138
\pgf@picminy=\dimen139
\pgf@picmaxy=\dimen140
\pgf@pathminx=\dimen141
\pgf@pathmaxx=\dimen142
\pgf@pathminy=\dimen143
\pgf@pathmaxy=\dimen144
\pgf@xx=\dimen145
\pgf@xy=\dimen146
\pgf@yx=\dimen147
\pgf@yy=\dimen148
\pgf@zx=\dimen149
\pgf@zy=\dimen150
)
(/usr/local/texlive/2010/texmf-dist/tex/generic/pgf/basiclayer/pgfcorepathconst
ruct.code.tex
File: pgfcorepathconstruct.code.tex 2008/02/13  (rcs-revision 1.14)
\pgf@path@lastx=\dimen151
\pgf@path@lasty=\dimen152
)
(/usr/local/texlive/2010/texmf-dist/tex/generic/pgf/basiclayer/pgfcorepathusage
.code.tex
File: pgfcorepathusage.code.tex 2008/01/23  (rcs-revision 1.11)
\pgf@shorten@end@additional=\dimen153
\pgf@shorten@start@additional=\dimen154
)
(/usr/local/texlive/2010/texmf-dist/tex/generic/pgf/basiclayer/pgfcorescopes.co
de.tex
File: pgfcorescopes.code.tex 2008/01/15  (rcs-revision 1.26)
\pgfpic=\box55
\pgf@hbox=\box56
\pgf@layerbox@main=\box57
\pgf@picture@serial@count=\count120
)
(/usr/local/texlive/2010/texmf-dist/tex/generic/pgf/basiclayer/pgfcoregraphicst
ate.code.tex
File: pgfcoregraphicstate.code.tex 2007/12/12  (rcs-revision 1.8)
\pgflinewidth=\dimen155
)
(/usr/local/texlive/2010/texmf-dist/tex/generic/pgf/basiclayer/pgfcoretransform
ations.code.tex
File: pgfcoretransformations.code.tex 2008/02/04  (rcs-revision 1.10)
\pgf@pt@x=\dimen156
\pgf@pt@y=\dimen157
\pgf@pt@temp=\dimen158
)
(/usr/local/texlive/2010/texmf-dist/tex/generic/pgf/basiclayer/pgfcorequick.cod
e.tex
File: pgfcorequick.code.tex 2006/10/11  (rcs-revision 1.2)
)
(/usr/local/texlive/2010/texmf-dist/tex/generic/pgf/basiclayer/pgfcoreobjects.c
ode.tex
File: pgfcoreobjects.code.tex 2006/10/11  (rcs-revision 1.2)
)
(/usr/local/texlive/2010/texmf-dist/tex/generic/pgf/basiclayer/pgfcorepathproce
ssing.code.tex
File: pgfcorepathprocessing.code.tex 2008/01/23  (rcs-revision 1.7)
)
(/usr/local/texlive/2010/texmf-dist/tex/generic/pgf/basiclayer/pgfcorearrows.co
de.tex
File: pgfcorearrows.code.tex 2007/06/07  (rcs-revision 1.8)
)
(/usr/local/texlive/2010/texmf-dist/tex/generic/pgf/basiclayer/pgfcoreshade.cod
e.tex
File: pgfcoreshade.code.tex 2007/12/10  (rcs-revision 1.9)
\pgf@max=\dimen159
\pgf@sys@shading@range@num=\count121
)
(/usr/local/texlive/2010/texmf-dist/tex/generic/pgf/basiclayer/pgfcoreimage.cod
e.tex
File: pgfcoreimage.code.tex 2008/01/15  (rcs-revision 1.1)
\pgfexternal@startupbox=\box58
)
(/usr/local/texlive/2010/texmf-dist/tex/generic/pgf/basiclayer/pgfcorelayers.co
de.tex
File: pgfcorelayers.code.tex 2008/01/15  (rcs-revision 1.1)
)
(/usr/local/texlive/2010/texmf-dist/tex/generic/pgf/basiclayer/pgfcoretranspare
ncy.code.tex
File: pgfcoretransparency.code.tex 2008/01/17  (rcs-revision 1.2)
)
(/usr/local/texlive/2010/texmf-dist/tex/generic/pgf/basiclayer/pgfcorepatterns.
code.tex
File: pgfcorepatterns.code.tex 2008/01/15  (rcs-revision 1.1)
)))
(/usr/local/texlive/2010/texmf-dist/tex/generic/pgf/modules/pgfmoduleshapes.cod
e.tex
File: pgfmoduleshapes.code.tex 2008/02/13  (rcs-revision 1.4)
\pgfnodeparttextbox=\box59
\toks@savedmacro=\toks25
)
(/usr/local/texlive/2010/texmf-dist/tex/generic/pgf/modules/pgfmoduleplot.code.
tex
File: pgfmoduleplot.code.tex 2008/01/15  (rcs-revision 1.1)
\pgf@plotwrite=\write3
)
(/usr/local/texlive/2010/texmf-dist/tex/latex/pgf/compatibility/pgfcomp-version
-0-65.sty
Package: pgfcomp-version-0-65 2007/07/03 v2.00 (rcs-revision 1.7)
\pgf@nodesepstart=\dimen160
\pgf@nodesepend=\dimen161
)
(/usr/local/texlive/2010/texmf-dist/tex/latex/pgf/compatibility/pgfcomp-version
-1-18.sty
Package: pgfcomp-version-1-18 2007/07/23 v2.00 (rcs-revision 1.1)
))
(/usr/local/texlive/2010/texmf-dist/tex/latex/pgf/utilities/pgffor.sty
(/usr/local/texlive/2010/texmf-dist/tex/generic/pgf/utilities/pgffor.code.tex
Package: pgffor 2007/11/07 v2.00 (rcs-revision 1.8)
\pgffor@iter=\dimen162
\pgffor@skip=\dimen163
))
(/usr/local/texlive/2010/texmf-dist/tex/generic/pgf/frontendlayer/tikz/tikz.cod
e.tex
Package: tikz 2008/02/13 v2.00 (rcs-revision 1.27)

(/usr/local/texlive/2010/texmf-dist/tex/generic/pgf/libraries/pgflibraryplothan
dlers.code.tex
File: pgflibraryplothandlers.code.tex 2007/03/09 v2.00 (rcs-revision 1.9)
\pgf@plot@mark@count=\count122
\pgfplotmarksize=\dimen164
)
\tikz@lastx=\dimen165
\tikz@lasty=\dimen166
\tikz@lastxsaved=\dimen167
\tikz@lastysaved=\dimen168
\tikzleveldistance=\dimen169
\tikzsiblingdistance=\dimen170
\tikz@figbox=\box60
\tikz@tempbox=\box61
\tikztreelevel=\count123
\tikznumberofchildren=\count124
\tikznumberofcurrentchild=\count125
\tikz@fig@count=\count126

(/usr/local/texlive/2010/texmf-dist/tex/generic/pgf/modules/pgfmodulematrix.cod
e.tex
File: pgfmodulematrix.code.tex 2008/01/15  (rcs-revision 1.1)
\pgfmatrixcurrentrow=\count127
\pgfmatrixcurrentcolumn=\count128
\pgf@matrix@numberofcolumns=\count129
)
\tikz@expandcount=\count130

(/usr/local/texlive/2010/texmf-dist/tex/generic/pgf/frontendlayer/tikz/librarie
s/tikzlibrarytopaths.code.tex
File: tikzlibrarytopaths.code.tex 2008/01/09 v2.00 (rcs-revision 1.1)
)))
(/usr/local/texlive/2010/texmf-dist/tex/generic/pgf/frontendlayer/tikz/librarie
s/tikzlibraryarrows.code.tex
File: tikzlibraryarrows.code.tex 2008/01/09 v2.00 (rcs-revision 1.1)

(/usr/local/texlive/2010/texmf-dist/tex/generic/pgf/libraries/pgflibraryarrows.
code.tex
File: pgflibraryarrows.code.tex 2007/06/07 v2.00 (rcs-revision 1.7)
))
(/usr/local/texlive/2010/texmf-dist/tex/generic/pgf/frontendlayer/tikz/librarie
s/tikzlibraryautomata.code.tex
File: tikzlibraryautomata.code.tex 2008/02/14 v2.00 (rcs-revision 1.2)
)
No file GdMMT_cheatsheet.aux.
\openout1 = `GdMMT_cheatsheet.aux'.

LaTeX Font Info:    Checking defaults for OML/cmm/m/it on input line 61.
LaTeX Font Info:    ... okay on input line 61.
LaTeX Font Info:    Checking defaults for T1/cmr/m/n on input line 61.
LaTeX Font Info:    ... okay on input line 61.
LaTeX Font Info:    Checking defaults for OT1/cmr/m/n on input line 61.
LaTeX Font Info:    ... okay on input line 61.
LaTeX Font Info:    Checking defaults for OMS/cmsy/m/n on input line 61.
LaTeX Font Info:    ... okay on input line 61.
LaTeX Font Info:    Checking defaults for OMX/cmex/m/n on input line 61.
LaTeX Font Info:    ... okay on input line 61.
LaTeX Font Info:    Checking defaults for U/cmr/m/n on input line 61.
LaTeX Font Info:    ... okay on input line 61.
*geometry* driver: auto-detecting
*geometry* detected driver: pdftex
*geometry* verbose mode - [ preamble ] result:
* driver: pdftex
* paper: <default>
* layout: <same size as paper>
* layoutoffset:(h,v)=(0.0pt,0.0pt)
* modes: landscape 
* h-part:(L,W,R)=(21.68121pt, 737.15378pt, 36.135pt)
* v-part:(T,H,B)=(36.135pt, 542.02501pt, 36.135pt)
* \paperwidth=794.96999pt
* \paperheight=614.295pt
* \textwidth=737.15378pt
* \textheight=542.02501pt
* \oddsidemargin=-50.58878pt
* \evensidemargin=-50.58878pt
* \topmargin=-73.135pt
* \headheight=12.0pt
* \headsep=25.0pt
* \topskip=10.0pt
* \footskip=30.0pt
* \marginparwidth=144.0pt
* \marginparsep=11.0pt
* \columnsep=10.0pt
* \skip\footins=9.0pt plus 4.0pt minus 2.0pt
* \hoffset=0.0pt
* \voffset=0.0pt
* \mag=1000
* \@twocolumnfalse
* \@twosidefalse
* \@mparswitchfalse
* \@reversemarginfalse
* (1in=72.27pt=25.4mm, 1cm=28.453pt)

(/usr/local/texlive/2010/texmf-dist/tex/context/base/supp-pdf.mkii
[Loading MPS to PDF converter (version 2006.09.02).]
\scratchcounter=\count131
\scratchdimen=\dimen171
\scratchbox=\box62
\nofMPsegments=\count132
\nofMParguments=\count133
\everyMPshowfont=\toks26
\MPscratchCnt=\count134
\MPscratchDim=\dimen172
\MPnumerator=\count135
\everyMPtoPDFconversion=\toks27
) (/usr/local/texlive/2010/texmf-dist/tex/generic/oberdiek/pdftexcmds.sty
Package: pdftexcmds 2010/04/01 v0.9 Utility functions of pdfTeX for LuaTeX (HO)


(/usr/local/texlive/2010/texmf-dist/tex/generic/oberdiek/infwarerr.sty
Package: infwarerr 2010/04/08 v1.3 Providing info/warning/message (HO)
)
(/usr/local/texlive/2010/texmf-dist/tex/generic/oberdiek/ifluatex.sty
Package: ifluatex 2010/03/01 v1.3 Provides the ifluatex switch (HO)
Package ifluatex Info: LuaTeX not detected.
)
(/usr/local/texlive/2010/texmf-dist/tex/generic/oberdiek/ltxcmds.sty
Package: ltxcmds 2010/04/26 v1.7 LaTeX kernel commands for general use (HO)
)
Package pdftexcmds Info: LuaTeX not detected.
Package pdftexcmds Info: \pdf@primitive is available.
Package pdftexcmds Info: \pdf@ifprimitive is available.
)
(/usr/local/texlive/2010/texmf-dist/tex/latex/oberdiek/epstopdf-base.sty
Package: epstopdf-base 2010/02/09 v2.5 Base part for package epstopdf

(/usr/local/texlive/2010/texmf-dist/tex/latex/oberdiek/grfext.sty
Package: grfext 2007/09/30 v1.0 Managing graphics extensions (HO)
)
(/usr/local/texlive/2010/texmf-dist/tex/latex/oberdiek/kvoptions.sty
Package: kvoptions 2010/02/22 v3.7 Keyval support for LaTeX options (HO)

(/usr/local/texlive/2010/texmf-dist/tex/generic/oberdiek/kvsetkeys.sty
Package: kvsetkeys 2010/03/01 v1.9 Key value parser (HO)

(/usr/local/texlive/2010/texmf-dist/tex/generic/oberdiek/etexcmds.sty
Package: etexcmds 2010/01/28 v1.3 Prefix for e-TeX command names (HO)
Package etexcmds Info: Could not find \expanded.
(etexcmds)             That can mean that you are not using pdfTeX 1.50 or
(etexcmds)             that some package has redefined \expanded.
(etexcmds)             In the latter case, load this package earlier.
)))
Package grfext Info: Graphics extension search list:
(grfext)             [.png,.pdf,.jpg,.mps,.jpeg,.jbig2,.jb2,.PNG,.PDF,.JPG,.JPE
G,.JBIG2,.JB2,.eps]
(grfext)             \AppendGraphicsExtensions on input line 436.

(/usr/local/texlive/2010/texmf-dist/tex/latex/latexconfig/epstopdf-sys.cfg
File: epstopdf-sys.cfg 2010/07/13 v1.3 Configuration of (r)epstopdf for TeX Liv
e
))
\c@lstlisting=\count136
LaTeX Font Info:    Try loading font information for OMS+cmr on input line 86.

(/usr/local/texlive/2010/texmf-dist/tex/latex/base/omscmr.fd
File: omscmr.fd 1999/05/25 v2.5h Standard LaTeX font definitions
)
LaTeX Font Info:    Font shape `OMS/cmr/m/n' in size <8> not available
(Font)              Font shape `OMS/cmsy/m/n' tried instead on input line 86.
LaTeX Font Info:    External font `cmex10' loaded for size
(Font)              <8> on input line 101.
LaTeX Font Info:    External font `cmex10' loaded for size
(Font)              <6> on input line 101.
LaTeX Font Info:    External font `cmex10' loaded for size
(Font)              <5> on input line 101.


/Users/kniepbert/Documents/Studium/WS10-11/MuMeTechShitShit/GdMMT_cheatsheet.te
x:144: Package pgf Error: No shape named 11 is known.

See the pgf package documentation for explanation.
Type  H <return>  for immediate help.
 ...                                              
                                                  
l.144 ...ight of=11]                          {5};
                                                  
This error message was generated by an \errmessage
command, so I can't give any explicit help.
Pretend that you're Hercule Poirot: Examine all clues,
and deduce the truth by order and method.


/Users/kniepbert/Documents/Studium/WS10-11/MuMeTechShitShit/GdMMT_cheatsheet.te
x:145: Package pgf Error: No shape named 11 is known.

See the pgf package documentation for explanation.
Type  H <return>  for immediate help.
 ...                                              
                                                  
l.145 ...left of=11,label=above:$6$]          {c};
                                                  
(That was another \errmessage.)

[1

{/usr/local/texlive/2010/texmf-var/fonts/map/pdftex/updmap/pdftex.map}]
[2] [3] [4] <Image1.png, id=28, 422.57875pt x 361.35pt>
File: Image1.png Graphic file (type png)
 <use Image1.png>
Overfull \hbox (183.52646pt too wide) in paragraph at lines 456--457
[][]  
 []


Overfull \vbox (246.84912pt too high) has occurred while \output is active []


Overfull \vbox (245.84912pt too high) has occurred while \output is active []


Overfull \vbox (244.84912pt too high) has occurred while \output is active []


Overfull \vbox (243.84912pt too high) has occurred while \output is active []


Overfull \vbox (242.84912pt too high) has occurred while \output is active []


Overfull \vbox (241.84912pt too high) has occurred while \output is active []


Overfull \vbox (240.84912pt too high) has occurred while \output is active []


Overfull \vbox (239.84912pt too high) has occurred while \output is active []


Overfull \vbox (238.84912pt too high) has occurred while \output is active []


Overfull \vbox (237.84912pt too high) has occurred while \output is active []


Overfull \vbox (236.84912pt too high) has occurred while \output is active []


Overfull \vbox (235.84912pt too high) has occurred while \output is active []


Overfull \vbox (234.84912pt too high) has occurred while \output is active []


Overfull \vbox (233.84912pt too high) has occurred while \output is active []


Overfull \vbox (232.84912pt too high) has occurred while \output is active []


Overfull \vbox (231.84912pt too high) has occurred while \output is active []


Overfull \vbox (230.84912pt too high) has occurred while \output is active []


Overfull \vbox (229.84912pt too high) has occurred while \output is active []


Overfull \vbox (228.84912pt too high) has occurred while \output is active []


Overfull \vbox (227.84912pt too high) has occurred while \output is active []


Overfull \vbox (226.84912pt too high) has occurred while \output is active []


Overfull \vbox (225.84912pt too high) has occurred while \output is active []


Overfull \vbox (224.84912pt too high) has occurred while \output is active []


Overfull \vbox (223.84912pt too high) has occurred while \output is active []


Overfull \vbox (222.84912pt too high) has occurred while \output is active []


Overfull \vbox (221.84912pt too high) has occurred while \output is active []


Overfull \vbox (220.84912pt too high) has occurred while \output is active []


Overfull \vbox (219.84912pt too high) has occurred while \output is active []


Overfull \vbox (218.84912pt too high) has occurred while \output is active []


Overfull \vbox (217.84912pt too high) has occurred while \output is active []


Overfull \vbox (216.84912pt too high) has occurred while \output is active []


Overfull \vbox (215.84912pt too high) has occurred while \output is active []


Overfull \vbox (214.84912pt too high) has occurred while \output is active []


Overfull \vbox (213.84912pt too high) has occurred while \output is active []


Overfull \vbox (212.84912pt too high) has occurred while \output is active []


Overfull \vbox (211.84912pt too high) has occurred while \output is active []


Overfull \vbox (210.84912pt too high) has occurred while \output is active []


Overfull \vbox (209.84912pt too high) has occurred while \output is active []


Overfull \vbox (208.84912pt too high) has occurred while \output is active []


Overfull \vbox (207.84912pt too high) has occurred while \output is active []


Overfull \vbox (206.84912pt too high) has occurred while \output is active []


Overfull \vbox (205.84912pt too high) has occurred while \output is active []


Overfull \vbox (204.84912pt too high) has occurred while \output is active []


Overfull \vbox (203.84912pt too high) has occurred while \output is active []


Overfull \vbox (202.84912pt too high) has occurred while \output is active []


Overfull \vbox (201.84912pt too high) has occurred while \output is active []


Overfull \vbox (200.84912pt too high) has occurred while \output is active []


Overfull \vbox (199.84912pt too high) has occurred while \output is active []


Overfull \vbox (198.84912pt too high) has occurred while \output is active []


Overfull \vbox (197.84912pt too high) has occurred while \output is active []


Overfull \vbox (196.84912pt too high) has occurred while \output is active []


Overfull \vbox (195.84912pt too high) has occurred while \output is active []


Overfull \vbox (194.84912pt too high) has occurred while \output is active []


Overfull \vbox (193.84912pt too high) has occurred while \output is active []


Overfull \vbox (192.84912pt too high) has occurred while \output is active []


Overfull \vbox (191.84912pt too high) has occurred while \output is active []


Overfull \vbox (190.84912pt too high) has occurred while \output is active []


Overfull \vbox (189.84912pt too high) has occurred while \output is active []


Overfull \vbox (188.84912pt too high) has occurred while \output is active []


Overfull \vbox (187.84912pt too high) has occurred while \output is active []


Overfull \vbox (186.84912pt too high) has occurred while \output is active []


Overfull \vbox (185.84912pt too high) has occurred while \output is active []


Overfull \vbox (184.84912pt too high) has occurred while \output is active []


Overfull \vbox (183.84912pt too high) has occurred while \output is active []


Overfull \vbox (182.84912pt too high) has occurred while \output is active []


Overfull \vbox (181.84912pt too high) has occurred while \output is active []


Overfull \vbox (180.84912pt too high) has occurred while \output is active []


Overfull \vbox (179.84912pt too high) has occurred while \output is active []


Overfull \vbox (178.84912pt too high) has occurred while \output is active []


Overfull \vbox (177.84912pt too high) has occurred while \output is active []


Overfull \vbox (176.84912pt too high) has occurred while \output is active []


Overfull \vbox (175.84912pt too high) has occurred while \output is active []


Overfull \vbox (174.84912pt too high) has occurred while \output is active []


Overfull \vbox (173.84912pt too high) has occurred while \output is active []


Overfull \vbox (172.84912pt too high) has occurred while \output is active []


Overfull \vbox (171.84912pt too high) has occurred while \output is active []


Overfull \vbox (170.84912pt too high) has occurred while \output is active []


Overfull \vbox (169.84912pt too high) has occurred while \output is active []


Overfull \vbox (168.84912pt too high) has occurred while \output is active []


Overfull \vbox (167.84912pt too high) has occurred while \output is active []


Overfull \vbox (166.84912pt too high) has occurred while \output is active []


Overfull \vbox (165.84912pt too high) has occurred while \output is active []


Overfull \vbox (164.84912pt too high) has occurred while \output is active []


Overfull \vbox (163.84912pt too high) has occurred while \output is active []


Overfull \vbox (162.84912pt too high) has occurred while \output is active []


Overfull \vbox (161.84912pt too high) has occurred while \output is active []


Overfull \vbox (160.84912pt too high) has occurred while \output is active []


Overfull \vbox (159.84912pt too high) has occurred while \output is active []


Overfull \vbox (158.84912pt too high) has occurred while \output is active []


Overfull \vbox (157.84912pt too high) has occurred while \output is active []


Overfull \vbox (156.84912pt too high) has occurred while \output is active []


Overfull \vbox (155.84912pt too high) has occurred while \output is active []


Overfull \vbox (154.84912pt too high) has occurred while \output is active []


Overfull \vbox (153.84912pt too high) has occurred while \output is active []


Overfull \vbox (152.84912pt too high) has occurred while \output is active []


Overfull \vbox (151.84912pt too high) has occurred while \output is active []


Overfull \vbox (150.84912pt too high) has occurred while \output is active []


Overfull \vbox (149.84912pt too high) has occurred while \output is active []


Overfull \vbox (148.84912pt too high) has occurred while \output is active []


Overfull \vbox (147.84912pt too high) has occurred while \output is active []


Overfull \vbox (146.84912pt too high) has occurred while \output is active []


Overfull \vbox (145.84912pt too high) has occurred while \output is active []


Overfull \vbox (144.84912pt too high) has occurred while \output is active []


Overfull \vbox (143.84912pt too high) has occurred while \output is active []


Overfull \vbox (142.84912pt too high) has occurred while \output is active []


Overfull \vbox (141.84912pt too high) has occurred while \output is active []


Overfull \vbox (140.84912pt too high) has occurred while \output is active []


Overfull \vbox (139.84912pt too high) has occurred while \output is active []


Overfull \vbox (138.84912pt too high) has occurred while \output is active []


Overfull \vbox (137.84912pt too high) has occurred while \output is active []


Overfull \vbox (136.84912pt too high) has occurred while \output is active []


Overfull \vbox (135.84912pt too high) has occurred while \output is active []


Overfull \vbox (134.84912pt too high) has occurred while \output is active []


Overfull \vbox (133.84912pt too high) has occurred while \output is active []


Overfull \vbox (132.84912pt too high) has occurred while \output is active []


Overfull \vbox (131.84912pt too high) has occurred while \output is active []


Overfull \vbox (130.84912pt too high) has occurred while \output is active []


Overfull \vbox (129.84912pt too high) has occurred while \output is active []


Overfull \vbox (128.84912pt too high) has occurred while \output is active []


Overfull \vbox (127.84912pt too high) has occurred while \output is active []


Overfull \vbox (126.84912pt too high) has occurred while \output is active []


Overfull \vbox (125.84912pt too high) has occurred while \output is active []


Overfull \vbox (124.84912pt too high) has occurred while \output is active []


Overfull \vbox (123.84912pt too high) has occurred while \output is active []


Overfull \vbox (122.84912pt too high) has occurred while \output is active []


Overfull \vbox (121.84912pt too high) has occurred while \output is active []


Overfull \vbox (120.84912pt too high) has occurred while \output is active []


Overfull \vbox (119.84912pt too high) has occurred while \output is active []


Overfull \vbox (118.84912pt too high) has occurred while \output is active []


Overfull \vbox (117.84912pt too high) has occurred while \output is active []


Overfull \vbox (116.84912pt too high) has occurred while \output is active []


Overfull \vbox (115.84912pt too high) has occurred while \output is active []


Overfull \vbox (114.84912pt too high) has occurred while \output is active []


Overfull \vbox (113.84912pt too high) has occurred while \output is active []


Overfull \vbox (112.84912pt too high) has occurred while \output is active []


Overfull \vbox (111.84912pt too high) has occurred while \output is active []


Overfull \vbox (110.84912pt too high) has occurred while \output is active []


Overfull \vbox (109.84912pt too high) has occurred while \output is active []


Overfull \vbox (108.84912pt too high) has occurred while \output is active []


Overfull \vbox (107.84912pt too high) has occurred while \output is active []


Overfull \vbox (106.84912pt too high) has occurred while \output is active []


Overfull \vbox (105.84912pt too high) has occurred while \output is active []


Overfull \vbox (104.84912pt too high) has occurred while \output is active []


Overfull \vbox (103.84912pt too high) has occurred while \output is active []


Overfull \vbox (102.84912pt too high) has occurred while \output is active []


Overfull \vbox (101.84912pt too high) has occurred while \output is active []


Overfull \vbox (100.84912pt too high) has occurred while \output is active []


Overfull \vbox (99.84912pt too high) has occurred while \output is active []


Overfull \vbox (98.84912pt too high) has occurred while \output is active []


Overfull \vbox (97.84912pt too high) has occurred while \output is active []


Overfull \vbox (96.84912pt too high) has occurred while \output is active []


Overfull \vbox (95.84912pt too high) has occurred while \output is active []


Overfull \vbox (94.84912pt too high) has occurred while \output is active []


Overfull \vbox (93.84912pt too high) has occurred while \output is active []


Overfull \vbox (92.84912pt too high) has occurred while \output is active []


Overfull \vbox (91.84912pt too high) has occurred while \output is active []


Overfull \vbox (90.84912pt too high) has occurred while \output is active []


Overfull \vbox (89.84912pt too high) has occurred while \output is active []


Overfull \vbox (88.84912pt too high) has occurred while \output is active []


Overfull \vbox (87.84912pt too high) has occurred while \output is active []


Overfull \vbox (86.84912pt too high) has occurred while \output is active []


Overfull \vbox (85.84912pt too high) has occurred while \output is active []


Overfull \vbox (84.84912pt too high) has occurred while \output is active []


Overfull \vbox (83.84912pt too high) has occurred while \output is active []


Overfull \vbox (82.84912pt too high) has occurred while \output is active []


Overfull \vbox (81.84912pt too high) has occurred while \output is active []


Overfull \vbox (80.84912pt too high) has occurred while \output is active []


Overfull \vbox (79.84912pt too high) has occurred while \output is active []


Overfull \vbox (78.84912pt too high) has occurred while \output is active []


Overfull \vbox (77.84912pt too high) has occurred while \output is active []


Overfull \vbox (76.84912pt too high) has occurred while \output is active []


Overfull \vbox (75.84912pt too high) has occurred while \output is active []


Overfull \vbox (74.84912pt too high) has occurred while \output is active []


Overfull \vbox (73.84912pt too high) has occurred while \output is active []


Overfull \vbox (72.84912pt too high) has occurred while \output is active []


Overfull \vbox (71.84912pt too high) has occurred while \output is active []


Overfull \vbox (70.84912pt too high) has occurred while \output is active []


Overfull \vbox (69.84912pt too high) has occurred while \output is active []


Overfull \vbox (68.84912pt too high) has occurred while \output is active []


Overfull \vbox (67.84912pt too high) has occurred while \output is active []


Overfull \vbox (66.84912pt too high) has occurred while \output is active []


Overfull \vbox (65.84912pt too high) has occurred while \output is active []


Overfull \vbox (64.84912pt too high) has occurred while \output is active []


Overfull \vbox (63.84912pt too high) has occurred while \output is active []


Overfull \vbox (62.84912pt too high) has occurred while \output is active []


Overfull \vbox (61.84912pt too high) has occurred while \output is active []


Overfull \vbox (60.84912pt too high) has occurred while \output is active []


Overfull \vbox (59.84912pt too high) has occurred while \output is active []


Overfull \vbox (58.84912pt too high) has occurred while \output is active []


Overfull \vbox (57.84912pt too high) has occurred while \output is active []


Overfull \vbox (56.84912pt too high) has occurred while \output is active []


Overfull \vbox (55.84912pt too high) has occurred while \output is active []


Overfull \vbox (54.84912pt too high) has occurred while \output is active []


Overfull \vbox (53.84912pt too high) has occurred while \output is active []


Overfull \vbox (52.84912pt too high) has occurred while \output is active []


Overfull \vbox (51.84912pt too high) has occurred while \output is active []


Overfull \vbox (50.84912pt too high) has occurred while \output is active []


Overfull \vbox (49.84912pt too high) has occurred while \output is active []


Overfull \vbox (48.84912pt too high) has occurred while \output is active []


Overfull \vbox (47.84912pt too high) has occurred while \output is active []


Overfull \vbox (46.84912pt too high) has occurred while \output is active []


Overfull \vbox (45.84912pt too high) has occurred while \output is active []


Overfull \vbox (44.84912pt too high) has occurred while \output is active []


Overfull \vbox (43.84912pt too high) has occurred while \output is active []


Overfull \vbox (42.84912pt too high) has occurred while \output is active []


Overfull \vbox (41.84912pt too high) has occurred while \output is active []


Overfull \vbox (40.84912pt too high) has occurred while \output is active []


Overfull \vbox (39.84912pt too high) has occurred while \output is active []


Overfull \vbox (38.84912pt too high) has occurred while \output is active []


Overfull \vbox (37.84912pt too high) has occurred while \output is active []


Overfull \vbox (36.84912pt too high) has occurred while \output is active []


Overfull \vbox (35.84912pt too high) has occurred while \output is active []


Overfull \vbox (34.84912pt too high) has occurred while \output is active []


Overfull \vbox (33.84912pt too high) has occurred while \output is active []


Overfull \vbox (32.84912pt too high) has occurred while \output is active []


Overfull \vbox (31.84912pt too high) has occurred while \output is active []


Overfull \vbox (30.84912pt too high) has occurred while \output is active []


Overfull \vbox (29.84912pt too high) has occurred while \output is active []


Overfull \vbox (28.84912pt too high) has occurred while \output is active []


[5 </Users/kniepbert/Documents/Studium/WS10-11/MuMeTechShitShit/Image1.png (PNG
 copy)>] (./GdMMT_cheatsheet.aux) ) 
Here is how much of TeX's memory you used:
 10560 strings out of 493747
 181155 string characters out of 3143546
 268704 words of memory out of 3000000
 13629 multiletter control sequences out of 15000+200000
 8065 words of font info for 29 fonts, out of 3000000 for 9000
 714 hyphenation exceptions out of 8191
 47i,8n,68p,437b,743s stack positions out of 5000i,500n,10000p,200000b,50000s
</usr/local/texlive/2010/texmf-dist/fonts/ty
pe1/public/amsfonts/cm/cmbx10.pfb></usr/local/texlive/2010/texmf-dist/fonts/typ
e1/public/amsfonts/cm/cmbx12.pfb></usr/local/texlive/2010/texmf-dist/fonts/type
1/public/amsfonts/cm/cmbx8.pfb></usr/local/texlive/2010/texmf-dist/fonts/type1/
public/amsfonts/cm/cmbx9.pfb></usr/local/texlive/2010/texmf-dist/fonts/type1/pu
blic/amsfonts/cm/cmmi6.pfb></usr/local/texlive/2010/texmf-dist/fonts/type1/publ
ic/amsfonts/cm/cmmi8.pfb></usr/local/texlive/2010/texmf-dist/fonts/type1/public
/amsfonts/cm/cmr6.pfb></usr/local/texlive/2010/texmf-dist/fonts/type1/public/am
sfonts/cm/cmr8.pfb></usr/local/texlive/2010/texmf-dist/fonts/type1/public/amsfo
nts/cm/cmsy8.pfb></usr/local/texlive/2010/texmf-dist/fonts/type1/public/amsfont
s/cm/cmtt8.pfb>
Output written on GdMMT_cheatsheet.pdf (5 pages, 162680 bytes).
PDF statistics:
 64 PDF objects out of 1000 (max. 8388607)
 45 compressed objects within 1 object stream
 0 named destinations out of 1000 (max. 500000)
 18 words of extra memory for PDF output out of 10000 (max. 10000000)

